#
# There is insufficient memory for the Java Runtime Environment to continue.
# Native memory allocation (malloc) failed to allocate 1048576 bytes for AllocateHeap
# Possible reasons:
#   The system is out of physical RAM or swap space
#   The process is running with CompressedOops enabled, and the Java Heap may be blocking the growth of the native heap
# Possible solutions:
#   Reduce memory load on the system
#   Increase physical memory or swap space
#   Check if swap backing store is full
#   Decrease Java heap size (-Xmx/-Xms)
#   Decrease number of Java threads
#   Decrease Java thread stack sizes (-Xss)
#   Set larger code cache with -XX:ReservedCodeCacheSize=
#   JVM is running with Unscaled Compressed Oops mode in which the Java heap is
#     placed in the first 4GB address space. The Java Heap base address is the
#     maximum limit for the native heap growth. Please use -XX:HeapBaseMinAddress
#     to set the Java Heap base and to place the Java Heap above 4GB virtual address.
# This output file may be truncated or incomplete.
#
#  Out of Memory Error (allocation.cpp:44), pid=25208, tid=23420
#
# JRE version:  (17.0.10+7) (build )
# Java VM: OpenJDK 64-Bit Server VM (17.0.10+7, mixed mode, tiered, compressed oops, compressed class ptrs, parallel gc, windows-amd64)
# No core dump will be written. Minidumps are not enabled by default on client versions of Windows
#

---------------  S U M M A R Y ------------

Command Line: --add-modules=ALL-SYSTEM --add-opens=java.base/java.util=ALL-UNNAMED --add-opens=java.base/java.lang=ALL-UNNAMED --add-opens=java.base/sun.nio.fs=ALL-UNNAMED -Declipse.application=org.eclipse.jdt.ls.core.id1 -Dosgi.bundles.defaultStartLevel=4 -Declipse.product=org.eclipse.jdt.ls.core.product -Djava.import.generatesMetadataFilesAtProjectRoot=false -DDetectVMInstallationsJob.disabled=true -Dfile.encoding=utf8 -XX:+UseParallelGC -XX:GCTimeRatio=4 -XX:AdaptiveSizePolicyWeight=90 -Dsun.zip.disableMemoryMapping=true -Xmx1G -Xms100m -Xlog:disable -javaagent:c:\Users\matheus.reno\.vscode\extensions\redhat.java-1.28.1-win32-x64\lombok\lombok-1.18.31.jar -XX:+HeapDumpOnOutOfMemoryError -XX:HeapDumpPath=c:\Users\matheus.reno\AppData\Roaming\Code\User\workspaceStorage\a64abd552e718f9b78c776e4801e0cf7\redhat.java -Daether.dependencyCollector.impl=bf c:\Users\matheus.reno\.vscode\extensions\redhat.java-1.28.1-win32-x64\server\plugins\org.eclipse.equinox.launcher_1.6.700.v20231214-2017.jar -configuration c:\Users\matheus.reno\AppData\Roaming\Code\User\globalStorage\redhat.java\1.28.1\config_win -data c:\Users\matheus.reno\AppData\Roaming\Code\User\workspaceStorage\a64abd552e718f9b78c776e4801e0cf7\redhat.java\jdt_ws --stdio

Host: AMD Ryzen 5 5500U with Radeon Graphics         , 12 cores, 5G,  Windows 11 , 64 bit Build 22621 (10.0.22621.3085)
Time: Fri Feb 23 10:51:29 2024 Hora oficial do Brasil elapsed time: 0.073084 seconds (0d 0h 0m 0s)

---------------  T H R E A D  ---------------

Current thread (0x000001c22964d660):  JavaThread "Unknown thread" [_thread_in_vm, id=23420, stack(0x0000009e02300000,0x0000009e02400000)]

Stack: [0x0000009e02300000,0x0000009e02400000]
Native frames: (J=compiled Java code, j=interpreted, Vv=VM code, C=native code)
V  [jvm.dll+0x67d2c9]
V  [jvm.dll+0x834afa]
V  [jvm.dll+0x8365be]
V  [jvm.dll+0x836c23]
V  [jvm.dll+0x2477ff]
V  [jvm.dll+0xa6c93]
V  [jvm.dll+0x6aff76]
V  [jvm.dll+0x6b0b4f]
V  [jvm.dll+0x689a43]
V  [jvm.dll+0x806a7b]
V  [jvm.dll+0x36c774]
V  [jvm.dll+0x7e4e06]
V  [jvm.dll+0x3eff3f]
V  [jvm.dll+0x3f1b71]
C  [jli.dll+0x528f]
C  [ucrtbase.dll+0x29363]
C  [KERNEL32.DLL+0x1257d]
C  [ntdll.dll+0x5aa58]


---------------  P R O C E S S  ---------------

Threads class SMR info:
_java_thread_list=0x00007ffa9e02ee98, length=0, elements={
}

Java Threads: ( => current thread )

Other Threads:
  0x000001c22965bf50 GCTaskThread "GC Thread#0" [stack: 0x0000009e02400000,0x0000009e02500000] [id=14920]

=>0x000001c22964d660 (exited) JavaThread "Unknown thread" [_thread_in_vm, id=23420, stack(0x0000009e02300000,0x0000009e02400000)]

Threads with active compile tasks:

VM state: not at safepoint (normal execution)

VM Mutex/Monitor currently owned by a thread: None

Heap address: 0x00000000c0000000, size: 1024 MB, Compressed Oops mode: 32-bit

CDS archive(s) not mapped
Compressed class space mapped at: 0x0000000100000000-0x0000000140000000, reserved size: 1073741824
Narrow klass base: 0x0000000000000000, Narrow klass shift: 3, Narrow klass range: 0x140000000

GC Precious Log:
 CPUs: 12 total, 12 available
 Memory: 6005M
 Large Page Support: Disabled
 NUMA Support: Disabled
 Compressed Oops: Enabled (32-bit)
 Alignments: Space 512K, Generation 512K, Heap 2M
 Heap Min Capacity: 100M
 Heap Initial Capacity: 100M
 Heap Max Capacity: 1G
 Pre-touch: Disabled
 Parallel Workers: 10

Heap:
 PSYoungGen      total 29696K, used 512K [0x00000000eab00000, 0x00000000ecc00000, 0x0000000100000000)
  eden space 25600K, 2% used [0x00000000eab00000,0x00000000eab80070,0x00000000ec400000)
  from space 4096K, 0% used [0x00000000ec800000,0x00000000ec800000,0x00000000ecc00000)
  to   space 4096K, 0% used [0x00000000ec400000,0x00000000ec400000,0x00000000ec800000)
 ParOldGen       total 68608K, used 0K [0x00000000c0000000, 0x00000000c4300000, 0x00000000eab00000)
  object space 68608K, 0% used [0x00000000c0000000,0x00000000c0000000,0x00000000c4300000)
 Metaspace       used 1149K, committed 1216K, reserved 1114112K
  class space    used 101K, committed 128K, reserved 1048576K

Card table byte_map: [0x000001c228fe0000,0x000001c2291f0000] _byte_map_base: 0x000001c2289e0000

Marking Bits: (ParMarkBitMap*) 0x00007ffa9e09d7d0
 Begin Bits: [0x000001c23b2e0000, 0x000001c23c2e0000)
 End Bits:   [0x000001c23c2e0000, 0x000001c23d2e0000)

Polling page: 0x000001c2275e0000

Metaspace:

Usage:
  Non-class:      1.02 MB used.
      Class:    101.05 KB used.
       Both:      1.12 MB used.

Virtual space:
  Non-class space:       64.00 MB reserved,       1.06 MB (  2%) committed,  1 nodes.
      Class space:        1.00 GB reserved,     128.00 KB ( <1%) committed,  1 nodes.
             Both:        1.06 GB reserved,       1.19 MB ( <1%) committed. 

Chunk freelists:
   Non-Class:  12.00 MB
       Class:  15.75 MB
        Both:  27.75 MB

MaxMetaspaceSize: unlimited
CompressedClassSpaceSize: 1.00 GB
Initial GC threshold: 21.00 MB
Current GC threshold: 17179869184.00 GB
CDS: off
MetaspaceReclaimPolicy: balanced
 - commit_granule_bytes: 65536.
 - commit_granule_words: 8192.
 - virtual_space_node_default_size: 8388608.
 - enlarge_chunks_in_place: 1.
 - new_chunks_are_fully_committed: 0.
 - uncommit_free_chunks: 1.
 - use_allocation_guard: 0.
 - handle_deallocations: 1.


Internal statistics:

num_allocs_failed_limit: 0.
num_arena_births: 2.
num_arena_deaths: 0.
num_vsnodes_births: 2.
num_vsnodes_deaths: 0.
num_space_committed: 19.
num_space_uncommitted: 0.
num_chunks_returned_to_freelist: 0.
num_chunks_taken_from_freelist: 3.
num_chunk_merges: 0.
num_chunk_splits: 2.
num_chunks_enlarged: 0.
num_inconsistent_stats: 0.

CodeHeap 'non-profiled nmethods': size=120000Kb used=0Kb max_used=0Kb free=120000Kb
 bounds [0x000001c233db0000, 0x000001c234020000, 0x000001c23b2e0000]
CodeHeap 'profiled nmethods': size=120000Kb used=0Kb max_used=0Kb free=120000Kb
 bounds [0x000001c22c2e0000, 0x000001c22c550000, 0x000001c233810000]
CodeHeap 'non-nmethods': size=5760Kb used=202Kb max_used=353Kb free=5557Kb
 bounds [0x000001c233810000, 0x000001c233a80000, 0x000001c233db0000]
 total_blobs=66 nmethods=0 adapters=47
 compilation: enabled
              stopped_count=0, restarted_count=0
 full_count=0

Compilation events (0 events):
No events

GC Heap History (0 events):
No events

Dll operation events (1 events):
Event: 0.015 Loaded shared library c:\Users\matheus.reno\.vscode\extensions\redhat.java-1.28.1-win32-x64\jre\17.0.10-win32-x86_64\bin\java.dll

Deoptimization events (0 events):
No events

Classes unloaded (0 events):
No events

Classes redefined (0 events):
No events

Internal exceptions (0 events):
No events

VM Operations (0 events):
No events

Events (20 events):
Event: 0.056 loading class java/lang/Long
Event: 0.057 loading class java/lang/Long done
Event: 0.057 loading class java/util/Iterator
Event: 0.057 loading class java/util/Iterator done
Event: 0.057 loading class java/lang/reflect/RecordComponent
Event: 0.057 loading class java/lang/reflect/RecordComponent done
Event: 0.057 loading class jdk/internal/vm/vector/VectorSupport
Event: 0.058 loading class jdk/internal/vm/vector/VectorSupport done
Event: 0.058 loading class jdk/internal/vm/vector/VectorSupport$VectorPayload
Event: 0.058 loading class jdk/internal/vm/vector/VectorSupport$VectorPayload done
Event: 0.058 loading class jdk/internal/vm/vector/VectorSupport$Vector
Event: 0.058 loading class jdk/internal/vm/vector/VectorSupport$Vector done
Event: 0.058 loading class jdk/internal/vm/vector/VectorSupport$VectorMask
Event: 0.058 loading class jdk/internal/vm/vector/VectorSupport$VectorMask done
Event: 0.058 loading class jdk/internal/vm/vector/VectorSupport$VectorShuffle
Event: 0.058 loading class jdk/internal/vm/vector/VectorSupport$VectorShuffle done
Event: 0.064 loading class java/lang/NullPointerException
Event: 0.065 loading class java/lang/NullPointerException done
Event: 0.065 loading class java/lang/ArithmeticException
Event: 0.065 loading class java/lang/ArithmeticException done


Dynamic libraries:
0x00007ff6527b0000 - 0x00007ff6527be000 	c:\Users\matheus.reno\.vscode\extensions\redhat.java-1.28.1-win32-x64\jre\17.0.10-win32-x86_64\bin\java.exe
0x00007ffb39390000 - 0x00007ffb395a7000 	C:\Windows\SYSTEM32\ntdll.dll
0x00007ffb38440000 - 0x00007ffb38504000 	C:\Windows\System32\KERNEL32.DLL
0x00007ffb36a20000 - 0x00007ffb36dc6000 	C:\Windows\System32\KERNELBASE.dll
0x00007ffb367c0000 - 0x00007ffb368d1000 	C:\Windows\System32\ucrtbase.dll
0x00007ffb21320000 - 0x00007ffb21337000 	c:\Users\matheus.reno\.vscode\extensions\redhat.java-1.28.1-win32-x64\jre\17.0.10-win32-x86_64\bin\jli.dll
0x00007ffb16cf0000 - 0x00007ffb16d0b000 	c:\Users\matheus.reno\.vscode\extensions\redhat.java-1.28.1-win32-x64\jre\17.0.10-win32-x86_64\bin\VCRUNTIME140.dll
0x00007ffb380e0000 - 0x00007ffb3828e000 	C:\Windows\System32\USER32.dll
0x00007ffb369f0000 - 0x00007ffb36a16000 	C:\Windows\System32\win32u.dll
0x00007ffb38330000 - 0x00007ffb38359000 	C:\Windows\System32\GDI32.dll
0x00007ffb36f40000 - 0x00007ffb37058000 	C:\Windows\System32\gdi32full.dll
0x00007ffb36950000 - 0x00007ffb369ea000 	C:\Windows\System32\msvcp_win.dll
0x00007ffb1d830000 - 0x00007ffb1dac3000 	C:\Windows\WinSxS\amd64_microsoft.windows.common-controls_6595b64144ccf1df_6.0.22621.2506_none_270c5ae97388e100\COMCTL32.dll
0x00007ffb38a40000 - 0x00007ffb38ae7000 	C:\Windows\System32\msvcrt.dll
0x00007ffb382f0000 - 0x00007ffb38321000 	C:\Windows\System32\IMM32.DLL
0x00007ffb26a90000 - 0x00007ffb26a9c000 	c:\Users\matheus.reno\.vscode\extensions\redhat.java-1.28.1-win32-x64\jre\17.0.10-win32-x86_64\bin\vcruntime140_1.dll
0x00007ffaf3610000 - 0x00007ffaf369d000 	c:\Users\matheus.reno\.vscode\extensions\redhat.java-1.28.1-win32-x64\jre\17.0.10-win32-x86_64\bin\msvcp140.dll
0x00007ffa9d500000 - 0x00007ffa9e162000 	c:\Users\matheus.reno\.vscode\extensions\redhat.java-1.28.1-win32-x64\jre\17.0.10-win32-x86_64\bin\server\jvm.dll
0x00007ffb38980000 - 0x00007ffb38a33000 	C:\Windows\System32\ADVAPI32.dll
0x00007ffb37960000 - 0x00007ffb37a08000 	C:\Windows\System32\sechost.dll
0x00007ffb36790000 - 0x00007ffb367b8000 	C:\Windows\System32\bcrypt.dll
0x00007ffb37fc0000 - 0x00007ffb380d7000 	C:\Windows\System32\RPCRT4.dll
0x00007ffb363f0000 - 0x00007ffb3643d000 	C:\Windows\SYSTEM32\POWRPROF.dll
0x00007ffb2ec50000 - 0x00007ffb2ec59000 	C:\Windows\SYSTEM32\WSOCK32.dll
0x00007ffb2eb80000 - 0x00007ffb2ebb4000 	C:\Windows\SYSTEM32\WINMM.dll
0x00007ffb38360000 - 0x00007ffb383d1000 	C:\Windows\System32\WS2_32.dll
0x00007ffb2b0c0000 - 0x00007ffb2b0ca000 	C:\Windows\SYSTEM32\VERSION.dll
0x00007ffb363d0000 - 0x00007ffb363e3000 	C:\Windows\SYSTEM32\UMPDC.dll
0x00007ffb355e0000 - 0x00007ffb355f8000 	C:\Windows\SYSTEM32\kernel.appcore.dll
0x00007ffb26620000 - 0x00007ffb2662a000 	c:\Users\matheus.reno\.vscode\extensions\redhat.java-1.28.1-win32-x64\jre\17.0.10-win32-x86_64\bin\jimage.dll
0x00007ffb2c860000 - 0x00007ffb2ca93000 	C:\Windows\SYSTEM32\DBGHELP.DLL
0x00007ffb37a90000 - 0x00007ffb37e19000 	C:\Windows\System32\combase.dll
0x00007ffb39270000 - 0x00007ffb39347000 	C:\Windows\System32\OLEAUT32.dll
0x00007ffb22a00000 - 0x00007ffb22a32000 	C:\Windows\SYSTEM32\dbgcore.DLL
0x00007ffb37060000 - 0x00007ffb370da000 	C:\Windows\System32\bcryptPrimitives.dll
0x00007ffb26520000 - 0x00007ffb2652e000 	c:\Users\matheus.reno\.vscode\extensions\redhat.java-1.28.1-win32-x64\jre\17.0.10-win32-x86_64\bin\instrument.dll
0x00007ffb166f0000 - 0x00007ffb16715000 	c:\Users\matheus.reno\.vscode\extensions\redhat.java-1.28.1-win32-x64\jre\17.0.10-win32-x86_64\bin\java.dll
0x00007ffb164d0000 - 0x00007ffb164e8000 	c:\Users\matheus.reno\.vscode\extensions\redhat.java-1.28.1-win32-x64\jre\17.0.10-win32-x86_64\bin\zip.dll

dbghelp: loaded successfully - version: 4.0.5 - missing functions: none
symbol engine: initialized successfully - sym options: 0x614 - pdb path: .;c:\Users\matheus.reno\.vscode\extensions\redhat.java-1.28.1-win32-x64\jre\17.0.10-win32-x86_64\bin;C:\Windows\SYSTEM32;C:\Windows\WinSxS\amd64_microsoft.windows.common-controls_6595b64144ccf1df_6.0.22621.2506_none_270c5ae97388e100;c:\Users\matheus.reno\.vscode\extensions\redhat.java-1.28.1-win32-x64\jre\17.0.10-win32-x86_64\bin\server

VM Arguments:
jvm_args: --add-modules=ALL-SYSTEM --add-opens=java.base/java.util=ALL-UNNAMED --add-opens=java.base/java.lang=ALL-UNNAMED --add-opens=java.base/sun.nio.fs=ALL-UNNAMED -Declipse.application=org.eclipse.jdt.ls.core.id1 -Dosgi.bundles.defaultStartLevel=4 -Declipse.product=org.eclipse.jdt.ls.core.product -Djava.import.generatesMetadataFilesAtProjectRoot=false -DDetectVMInstallationsJob.disabled=true -Dfile.encoding=utf8 -XX:+UseParallelGC -XX:GCTimeRatio=4 -XX:AdaptiveSizePolicyWeight=90 -Dsun.zip.disableMemoryMapping=true -Xmx1G -Xms100m -Xlog:disable -javaagent:c:\Users\matheus.reno\.vscode\extensions\redhat.java-1.28.1-win32-x64\lombok\lombok-1.18.31.jar -XX:+HeapDumpOnOutOfMemoryError -XX:HeapDumpPath=c:\Users\matheus.reno\AppData\Roaming\Code\User\workspaceStorage\a64abd552e718f9b78c776e4801e0cf7\redhat.java -Daether.dependencyCollector.impl=bf 
java_command: c:\Users\matheus.reno\.vscode\extensions\redhat.java-1.28.1-win32-x64\server\plugins\org.eclipse.equinox.launcher_1.6.700.v20231214-2017.jar -configuration c:\Users\matheus.reno\AppData\Roaming\Code\User\globalStorage\redhat.java\1.28.1\config_win -data c:\Users\matheus.reno\AppData\Roaming\Code\User\workspaceStorage\a64abd552e718f9b78c776e4801e0cf7\redhat.java\jdt_ws --stdio
java_class_path (initial): c:\Users\matheus.reno\.vscode\extensions\redhat.java-1.28.1-win32-x64\server\plugins\org.eclipse.equinox.launcher_1.6.700.v20231214-2017.jar
Launcher Type: SUN_STANDARD

[Global flags]
    uintx AdaptiveSizePolicyWeight                 = 90                                        {product} {command line}
     intx CICompilerCount                          = 4                                         {product} {ergonomic}
    uintx GCTimeRatio                              = 4                                         {product} {command line}
     bool HeapDumpOnOutOfMemoryError               = true                                   {manageable} {command line}
    ccstr HeapDumpPath                             = c:\Users\matheus.reno\AppData\Roaming\Code\User\workspaceStorage\a64abd552e718f9b78c776e4801e0cf7\redhat.java         {manageable} {command line}
   size_t InitialHeapSize                          = 104857600                                 {product} {command line}
   size_t MaxHeapSize                              = 1073741824                                {product} {command line}
   size_t MaxNewSize                               = 357564416                                 {product} {ergonomic}
   size_t MinHeapDeltaBytes                        = 524288                                    {product} {ergonomic}
   size_t MinHeapSize                              = 104857600                                 {product} {command line}
   size_t NewSize                                  = 34603008                                  {product} {ergonomic}
    uintx NonNMethodCodeHeapSize                   = 5839372                                {pd product} {ergonomic}
    uintx NonProfiledCodeHeapSize                  = 122909434                              {pd product} {ergonomic}
   size_t OldSize                                  = 70254592                                  {product} {ergonomic}
    uintx ProfiledCodeHeapSize                     = 122909434                              {pd product} {ergonomic}
    uintx ReservedCodeCacheSize                    = 251658240                              {pd product} {ergonomic}
     bool SegmentedCodeCache                       = true                                      {product} {ergonomic}
   size_t SoftMaxHeapSize                          = 1073741824                             {manageable} {ergonomic}
     bool UseCompressedClassPointers               = true                           {product lp64_product} {ergonomic}
     bool UseCompressedOops                        = true                           {product lp64_product} {ergonomic}
     bool UseLargePagesIndividualAllocation        = false                                  {pd product} {ergonomic}
     bool UseParallelGC                            = true                                      {product} {command line}

Logging:
Log output configuration:
 #0: stdout all=off uptime,level,tags
 #1: stderr all=off uptime,level,tags

Environment Variables:
PATH=C:\Python312\Scripts\;C:\Python312\;C:\Program Files\Common Files\Oracle\Java\javapath;C:\Program Files (x86)\Common Files\Oracle\Java\javapath;C:\Windows\system32;C:\Windows;C:\Windows\System32\Wbem;C:\Windows\System32\WindowsPowerShell\v1.0\;C:\Windows\System32\OpenSSH\;C:\Program Files\Git\cmd;C:\ProgramData\chocolatey\bin;C:\Program Files\nodejs\;C:\Program Files\MySQL\MySQL Shell 8.0\bin\;C:\Users\matheus.reno\AppData\Local\Microsoft\WindowsApps;C:\Users\matheus.reno\AppData\Local\JetBrains\Toolbox\scripts;C:\Users\matheus.reno\Downloads\flutter_windows_3.10.0-stable\flutter\bin;C:\Users\matheus.reno\AppData\Local\Programs\Microsoft VS Code\bin;C:\MinGW\bin;C:\ProgramData\matheus.reno\GitHubDesktop\bin;C:\Users\matheus.reno\AppData\Local\GitHubDesktop\bin;C:\Users\matheus.reno\AppData\Roaming\npm;C:\Program Files\nodejs;
USERNAME=matheus.reno
OS=Windows_NT
PROCESSOR_IDENTIFIER=AMD64 Family 23 Model 104 Stepping 1, AuthenticAMD
TMP=C:\Users\MATHEU~1.REN\AppData\Local\Temp
TEMP=C:\Users\MATHEU~1.REN\AppData\Local\Temp



Periodic native trim disabled


---------------  S Y S T E M  ---------------

OS:
 Windows 11 , 64 bit Build 22621 (10.0.22621.3085)
OS uptime: 4 days 3:31 hours
Hyper-V role detected

CPU: total 12 (initial active 12) (12 cores per cpu, 2 threads per core) family 23 model 104 stepping 1 microcode 0x0, cx8, cmov, fxsr, ht, mmx, 3dnowpref, sse, sse2, sse3, ssse3, sse4a, sse4.1, sse4.2, popcnt, lzcnt, tsc, tscinvbit, avx, avx2, aes, clmul, bmi1, bmi2, adx, sha, fma, vzeroupper, clflush, clflushopt, hv
Processor Information for all 12 processors :
  Max Mhz: 2100, Current Mhz: 2100, Mhz Limit: 2100

Memory: 4k page, system-wide physical 6005M (219M free)
TotalPageFile size 24437M (AvailPageFile size 3M)
current process WorkingSet (physical memory assigned to process): 16M, peak: 16M
current process commit charge ("private bytes"): 162M, peak: 163M

vm_info: OpenJDK 64-Bit Server VM (17.0.10+7) for windows-amd64 JRE (17.0.10+7), built on Jan 16 2024 23:25:11 by "admin" with MS VC++ 16.10 / 16.11 (VS2019)

END.
